Flutter crash report.
Please report a bug at https://github.com/flutter/flutter/issues.

## command

flutter run --machine --start-paused -d chrome --devtools-server-address http://127.0.0.1:9101/ --target /Users/ankitsamant/StudioProjects/adminFluttter/Flutter-Responsive-Admin-Panel-or-Dashboard/lib/main.dart

## exception

HttpException: HttpException: Connection closed before full header was received, uri = http://localhost:49488/json

```
```

## flutter doctor

```
[!] Flutter (Channel stable, 3.24.1, on macOS 14.6.1 23G93 darwin-arm64, locale en-IN)
    • Flutter version 3.24.1 on channel stable at /Users/ankitsamant/flutter
    ! The flutter binary is not on your path. Consider adding /Users/ankitsamant/flutter/bin to your path.
    ! Warning: `dart` on your path resolves to /opt/homebrew/Cellar/dart/3.2.4/libexec/bin/dart, which is not inside your current Flutter SDK checkout at /Users/ankitsamant/flutter. Consider adding /Users/ankitsamant/flutter/bin to the front of your path.
    • Upstream repository https://github.com/flutter/flutter.git
    • Framework revision 5874a72aa4 (10 days ago), 2024-08-20 16:46:00 -0500
    • Engine revision c9b9d5780d
    • Dart version 3.5.1
    • DevTools version 2.37.2
    • If those were intentional, you can disregard the above warnings; however it is recommended to use "git" directly to perform update checks and upgrades.

[✓] Android toolchain - develop for Android devices (Android SDK version 34.0.0-rc4)
    • Android SDK at /Users/ankitsamant/Library/Android/sdk
    • Platform android-34, build-tools 34.0.0-rc4
    • Java binary at: /Applications/Android Studio.app/Contents/jbr/Contents/Home/bin/java
    • Java version OpenJDK Runtime Environment (build 17.0.6+0-17.0.6b802.4-9586694)
    • All Android licenses accepted.

[!] Xcode - develop for iOS and macOS (Xcode 14.3)
    • Xcode at /Applications/Xcode.app/Contents/Developer
    • Build 14E222b
    ! Flutter recommends a minimum Xcode version of 15.
      Download the latest version or update via the Mac App Store.
    ! CocoaPods 1.12.1 out of date (1.13.0 is recommended).
        CocoaPods is a package manager for iOS or macOS platform code.
        Without CocoaPods, plugins will not work on iOS or macOS.
        For more info, see https://flutter.dev/to/platform-plugins
      To update CocoaPods, see https://guides.cocoapods.org/using/getting-started.html#updating-cocoapods

[✓] Chrome - develop for the web
    • Chrome at /Applications/Google Chrome.app/Contents/MacOS/Google Chrome

[✓] Android Studio (version 2022.2)
    • Android Studio at /Applications/Android Studio.app/Contents
    • Flutter plugin can be installed from:
      🔨 https://plugins.jetbrains.com/plugin/9212-flutter
    • Dart plugin can be installed from:
      🔨 https://plugins.jetbrains.com/plugin/6351-dart
    • Java version OpenJDK Runtime Environment (build 17.0.6+0-17.0.6b802.4-9586694)

[✓] VS Code (version 1.92.2)
    • VS Code at /Applications/Visual Studio Code.app/Contents
    • Flutter extension version 3.94.0

[✓] Connected device (3 available)
    • macOS (desktop)                 • macos                 • darwin-arm64   • macOS 14.6.1 23G93 darwin-arm64
    • Mac Designed for iPad (desktop) • mac-designed-for-ipad • darwin         • macOS 14.6.1 23G93 darwin-arm64
    • Chrome (web)                    • chrome                • web-javascript • Google Chrome 128.0.6613.86

[✓] Network resources
    • All expected network resources are available.

! Doctor found issues in 2 categories.
```
